<?xml version="1.0" encoding="UTF-8"?>
<!-- Generated by org.testng.reporters.JUnitXMLReporter -->
<testsuite ignored="6" hostname="LAPTOP-DK6TK74Q" failures="2" tests="4" name="Test" time="129.85" errors="0" timestamp="2022-09-05T16:19:38 IST">
  <testcase classname="com.crm.VTiger.TestCases.CreateOrganisationTest" name="createOrg" time="10.347">
    <failure type="java.lang.AssertionError" message="expected [true] but found [false]">
      <![CDATA[java.lang.AssertionError: expected [true] but found [false]
at com.crm.VTiger.TestCases.CreateOrganisationTest.createOrg(CreateOrganisationTest.java:35)
at java.base/java.util.ArrayList.forEach(ArrayList.java:1507)
... Removed 33 stack frames]]>
    </failure>
  </testcase> <!-- createOrg -->
  <testcase classname="com.crm.VTiger.TestCases.CreateOrganisationWithIndustryTest" name="createOrgWithIndus" time="26.263"/>
  <testcase classname="com.crm.VTiger.TestCases.CreateContactWithOrgTest" name="createConWithOrg" time="28.649"/>
  <testcase classname="com.crm.VTiger.TestCases.DemoTest" name="orgTest" time="0.002">
    <failure type="java.lang.AssertionError" message="expected [true] but found [false]">
      <![CDATA[java.lang.AssertionError: expected [true] but found [false]
at com.crm.VTiger.TestCases.DemoTest.orgTest(DemoTest.java:35)
at java.base/java.util.ArrayList.forEach(ArrayList.java:1507)
... Removed 33 stack frames]]>
    </failure>
  </testcase> <!-- orgTest -->
  <testcase classname="com.crm.Vtiger.GenericUtils.BaseClass" name="@BeforeSuite createConnWithDB" time="0.0">
    <ignored/>
  </testcase> <!-- @BeforeSuite createConnWithDB -->
  <testcase classname="com.crm.Vtiger.GenericUtils.BaseClass" name="@BeforeSuite createConnWithDB" time="0.0">
    <ignored/>
  </testcase> <!-- @BeforeSuite createConnWithDB -->
  <testcase classname="com.crm.Vtiger.GenericUtils.BaseClass" name="@BeforeSuite createConnWithDB" time="0.0">
    <ignored/>
  </testcase> <!-- @BeforeSuite createConnWithDB -->
  <testcase classname="com.crm.Vtiger.GenericUtils.BaseClass" name="@AfterSuite closeConnWithDB" time="0.0">
    <ignored/>
  </testcase> <!-- @AfterSuite closeConnWithDB -->
  <testcase classname="com.crm.Vtiger.GenericUtils.BaseClass" name="@AfterSuite closeConnWithDB" time="0.0">
    <ignored/>
  </testcase> <!-- @AfterSuite closeConnWithDB -->
  <testcase classname="com.crm.Vtiger.GenericUtils.BaseClass" name="@AfterSuite closeConnWithDB" time="0.0">
    <ignored/>
  </testcase> <!-- @AfterSuite closeConnWithDB -->
</testsuite> <!-- Test -->
