<?xml version="1.0" encoding="UTF-8"?>
<!-- Generated by org.testng.reporters.JUnitXMLReporter -->
<testsuite ignored="0" hostname="TYSS-Pavan" failures="0" tests="3" name="Default test" time="80.713" errors="0" timestamp="2022-09-16T16:21:00 IST">
  <testcase classname="practice.MMT_DataProvider" name="data" time="27.402"/>
  <testcase classname="practice.MMT_DataProvider" name="data" time="26.892"/>
  <testcase classname="practice.MMT_DataProvider" name="data" time="26.381"/>
</testsuite> <!-- Default test -->
