<?xml version="1.0" encoding="UTF-8"?>
<testng-results ignored="0" total="2" passed="1" failed="1" skipped="0">
  <reporter-output>
    <line>
      <![CDATA[Org with Ind Created]]>
    </line>
  </reporter-output>
  <suite started-at="2022-11-25T14:51:46 IST" name="Suite" finished-at="2022-11-25T14:53:15 IST" duration-ms="89735">
    <groups>
      <group name="regression">
        <method signature="OrganisationTest.createOrgWithIndus()[pri:0, instance:com.crm.VTiger.TestCases.OrganisationTest@5824a83d]" name="createOrgWithIndus" class="com.crm.VTiger.TestCases.OrganisationTest"/>
      </group> <!-- regression -->
      <group name="smoke">
        <method signature="OrganisationTest.createOrg()[pri:0, instance:com.crm.VTiger.TestCases.OrganisationTest@5824a83d]" name="createOrg" class="com.crm.VTiger.TestCases.OrganisationTest"/>
      </group> <!-- smoke -->
    </groups>
    <test started-at="2022-11-25T14:51:46 IST" name="Test" finished-at="2022-11-25T14:53:15 IST" duration-ms="89735">
      <class name="com.crm.VTiger.TestCases.OrganisationTest">
        <test-method is-config="true" signature="createConnWithDB()[pri:0, instance:com.crm.VTiger.TestCases.OrganisationTest@5824a83d]" started-at="2022-11-25T14:51:46 IST" name="createConnWithDB" finished-at="2022-11-25T14:51:46 IST" duration-ms="18" status="PASS">
          <reporter-output>
          </reporter-output>
        </test-method> <!-- createConnWithDB -->
        <test-method is-config="true" signature="openBrowser()[pri:0, instance:com.crm.VTiger.TestCases.OrganisationTest@5824a83d]" started-at="2022-11-25T14:51:47 IST" name="openBrowser" finished-at="2022-11-25T14:51:53 IST" duration-ms="5612" status="PASS">
          <reporter-output>
          </reporter-output>
        </test-method> <!-- openBrowser -->
        <test-method is-config="true" signature="setLogin()[pri:0, instance:com.crm.VTiger.TestCases.OrganisationTest@5824a83d]" started-at="2022-11-25T14:51:53 IST" name="setLogin" finished-at="2022-11-25T14:52:01 IST" duration-ms="7983" status="PASS">
          <reporter-output>
          </reporter-output>
        </test-method> <!-- setLogin -->
        <test-method signature="createOrg()[pri:0, instance:com.crm.VTiger.TestCases.OrganisationTest@5824a83d]" started-at="2022-11-25T14:52:01 IST" name="createOrg" finished-at="2022-11-25T14:52:41 IST" duration-ms="40409" status="FAIL">
          <exception class="org.openqa.selenium.NoSuchElementException">
            <message>
              <![CDATA[no such element: Unable to locate element: {"method":"css selector","selector":"*[name='accountname']"}
  (Session info: chrome=107.0.5304.107)
For documentation on this error, please visit: https://selenium.dev/exceptions/#no_such_element
Build info: version: '4.3.0', revision: 'a4995e2c09*'
System info: host: 'TYSS-PAVAN', ip: '192.168.60.211', os.name: 'Windows 11', os.arch: 'amd64', os.version: '10.0', java.version: '11.0.16'
Driver info: org.openqa.selenium.chrome.ChromeDriver
Command: [76392b924db37184b4ff1240f2007dd6, findElement {using=name, value=accountname}]
Capabilities {acceptInsecureCerts: false, browserName: chrome, browserVersion: 107.0.5304.107, chrome: {chromedriverVersion: 107.0.5304.62 (1eec40d3a576..., userDataDir: C:\Users\Pavan\AppData\Loca...}, goog:chromeOptions: {debuggerAddress: localhost:59219}, networkConnectionEnabled: false, pageLoadStrategy: normal, platformName: WINDOWS, proxy: Proxy(), se:cdp: ws://localhost:59219/devtoo..., se:cdpVersion: 107.0.5304.107, setWindowRect: true, strictFileInteractability: false, timeouts: {implicit: 0, pageLoad: 300000, script: 30000}, unhandledPromptBehavior: dismiss and notify, webauthn:extension:credBlob: true, webauthn:extension:largeBlob: true, webauthn:virtualAuthenticators: true}
Session ID: 76392b924db37184b4ff1240f2007dd6]]>
            </message>
            <full-stacktrace>
              <![CDATA[org.openqa.selenium.NoSuchElementException: no such element: Unable to locate element: {"method":"css selector","selector":"*[name='accountname']"}
  (Session info: chrome=107.0.5304.107)
For documentation on this error, please visit: https://selenium.dev/exceptions/#no_such_element
Build info: version: '4.3.0', revision: 'a4995e2c09*'
System info: host: 'TYSS-PAVAN', ip: '192.168.60.211', os.name: 'Windows 11', os.arch: 'amd64', os.version: '10.0', java.version: '11.0.16'
Driver info: org.openqa.selenium.chrome.ChromeDriver
Command: [76392b924db37184b4ff1240f2007dd6, findElement {using=name, value=accountname}]
Capabilities {acceptInsecureCerts: false, browserName: chrome, browserVersion: 107.0.5304.107, chrome: {chromedriverVersion: 107.0.5304.62 (1eec40d3a576..., userDataDir: C:\Users\Pavan\AppData\Loca...}, goog:chromeOptions: {debuggerAddress: localhost:59219}, networkConnectionEnabled: false, pageLoadStrategy: normal, platformName: WINDOWS, proxy: Proxy(), se:cdp: ws://localhost:59219/devtoo..., se:cdpVersion: 107.0.5304.107, setWindowRect: true, strictFileInteractability: false, timeouts: {implicit: 0, pageLoad: 300000, script: 30000}, unhandledPromptBehavior: dismiss and notify, webauthn:extension:credBlob: true, webauthn:extension:largeBlob: true, webauthn:virtualAuthenticators: true}
Session ID: 76392b924db37184b4ff1240f2007dd6
at java.base/jdk.internal.reflect.NativeConstructorAccessorImpl.newInstance0(Native Method)
at java.base/jdk.internal.reflect.NativeConstructorAccessorImpl.newInstance(NativeConstructorAccessorImpl.java:62)
at java.base/jdk.internal.reflect.DelegatingConstructorAccessorImpl.newInstance(DelegatingConstructorAccessorImpl.java:45)
at java.base/java.lang.reflect.Constructor.newInstance(Constructor.java:490)
at org.openqa.selenium.remote.codec.w3c.W3CHttpResponseCodec.createException(W3CHttpResponseCodec.java:200)
at org.openqa.selenium.remote.codec.w3c.W3CHttpResponseCodec.decode(W3CHttpResponseCodec.java:133)
at org.openqa.selenium.remote.codec.w3c.W3CHttpResponseCodec.decode(W3CHttpResponseCodec.java:53)
at org.openqa.selenium.remote.HttpCommandExecutor.execute(HttpCommandExecutor.java:184)
at org.openqa.selenium.remote.service.DriverCommandExecutor.invokeExecute(DriverCommandExecutor.java:167)
at org.openqa.selenium.remote.service.DriverCommandExecutor.execute(DriverCommandExecutor.java:142)
at org.openqa.selenium.remote.RemoteWebDriver.execute(RemoteWebDriver.java:569)
at org.openqa.selenium.remote.ElementLocation$ElementFinder$2.findElement(ElementLocation.java:162)
at org.openqa.selenium.remote.ElementLocation.findElement(ElementLocation.java:60)
at org.openqa.selenium.remote.RemoteWebDriver.findElement(RemoteWebDriver.java:387)
at org.openqa.selenium.remote.RemoteWebDriver.findElement(RemoteWebDriver.java:379)
at org.openqa.selenium.support.pagefactory.DefaultElementLocator.findElement(DefaultElementLocator.java:70)
at org.openqa.selenium.support.pagefactory.internal.LocatingElementHandler.invoke(LocatingElementHandler.java:39)
at com.sun.proxy.$Proxy21.sendKeys(Unknown Source)
at com.crm.Vtiger.ObjectRepository.CreateOrganisationPage.createOrg(CreateOrganisationPage.java:43)
at com.crm.VTiger.TestCases.OrganisationTest.createOrg(OrganisationTest.java:27)
at java.base/jdk.internal.reflect.NativeMethodAccessorImpl.invoke0(Native Method)
at java.base/jdk.internal.reflect.NativeMethodAccessorImpl.invoke(NativeMethodAccessorImpl.java:62)
at java.base/jdk.internal.reflect.DelegatingMethodAccessorImpl.invoke(DelegatingMethodAccessorImpl.java:43)
at java.base/java.lang.reflect.Method.invoke(Method.java:566)
at org.testng.internal.MethodInvocationHelper.invokeMethod(MethodInvocationHelper.java:133)
at org.testng.internal.TestInvoker.invokeMethod(TestInvoker.java:598)
at org.testng.internal.TestInvoker.invokeTestMethod(TestInvoker.java:173)
at org.testng.internal.MethodRunner.runInSequence(MethodRunner.java:46)
at org.testng.internal.TestInvoker$MethodInvocationAgent.invoke(TestInvoker.java:824)
at org.testng.internal.TestInvoker.invokeTestMethods(TestInvoker.java:146)
at org.testng.internal.TestMethodWorker.invokeTestMethods(TestMethodWorker.java:146)
at org.testng.internal.TestMethodWorker.run(TestMethodWorker.java:128)
at java.base/java.util.ArrayList.forEach(ArrayList.java:1541)
at org.testng.TestRunner.privateRun(TestRunner.java:794)
at org.testng.TestRunner.run(TestRunner.java:596)
at org.testng.SuiteRunner.runTest(SuiteRunner.java:377)
at org.testng.SuiteRunner.runSequentially(SuiteRunner.java:371)
at org.testng.SuiteRunner.privateRun(SuiteRunner.java:332)
at org.testng.SuiteRunner.run(SuiteRunner.java:276)
at org.testng.SuiteRunnerWorker.runSuite(SuiteRunnerWorker.java:53)
at org.testng.SuiteRunnerWorker.run(SuiteRunnerWorker.java:96)
at org.testng.TestNG.runSuitesSequentially(TestNG.java:1212)
at org.testng.TestNG.runSuitesLocally(TestNG.java:1134)
at org.testng.TestNG.runSuites(TestNG.java:1063)
at org.testng.TestNG.run(TestNG.java:1031)
at org.testng.remote.AbstractRemoteTestNG.run(AbstractRemoteTestNG.java:115)
at org.testng.remote.RemoteTestNG.initAndRun(RemoteTestNG.java:251)
at org.testng.remote.RemoteTestNG.main(RemoteTestNG.java:77)
]]>
            </full-stacktrace>
          </exception> <!-- org.openqa.selenium.NoSuchElementException -->
          <reporter-output>
          </reporter-output>
        </test-method> <!-- createOrg -->
        <test-method is-config="true" signature="logout()[pri:0, instance:com.crm.VTiger.TestCases.OrganisationTest@5824a83d]" started-at="2022-11-25T14:52:41 IST" name="logout" finished-at="2022-11-25T14:52:44 IST" duration-ms="3128" status="PASS">
          <reporter-output>
          </reporter-output>
        </test-method> <!-- logout -->
        <test-method is-config="true" signature="setLogin()[pri:0, instance:com.crm.VTiger.TestCases.OrganisationTest@5824a83d]" started-at="2022-11-25T14:52:44 IST" name="setLogin" finished-at="2022-11-25T14:52:51 IST" duration-ms="6287" status="PASS">
          <reporter-output>
          </reporter-output>
        </test-method> <!-- setLogin -->
        <test-method signature="createOrgWithIndus()[pri:0, instance:com.crm.VTiger.TestCases.OrganisationTest@5824a83d]" started-at="2022-11-25T14:52:51 IST" name="createOrgWithIndus" finished-at="2022-11-25T14:53:12 IST" duration-ms="21384" status="PASS">
          <reporter-output>
            <line>
              <![CDATA[Org with Ind Created]]>
            </line>
          </reporter-output>
        </test-method> <!-- createOrgWithIndus -->
        <test-method is-config="true" signature="logout()[pri:0, instance:com.crm.VTiger.TestCases.OrganisationTest@5824a83d]" started-at="2022-11-25T14:53:12 IST" name="logout" finished-at="2022-11-25T14:53:15 IST" duration-ms="2677" status="PASS">
          <reporter-output>
          </reporter-output>
        </test-method> <!-- logout -->
        <test-method is-config="true" signature="closeBrowser()[pri:0, instance:com.crm.VTiger.TestCases.OrganisationTest@5824a83d]" started-at="2022-11-25T14:53:15 IST" name="closeBrowser" finished-at="2022-11-25T14:53:15 IST" duration-ms="767" status="PASS">
          <reporter-output>
          </reporter-output>
        </test-method> <!-- closeBrowser -->
        <test-method is-config="true" signature="closeConnWithDB()[pri:0, instance:com.crm.VTiger.TestCases.OrganisationTest@5824a83d]" started-at="2022-11-25T14:53:17 IST" name="closeConnWithDB" finished-at="2022-11-25T14:53:17 IST" duration-ms="0" status="PASS">
          <reporter-output>
          </reporter-output>
        </test-method> <!-- closeConnWithDB -->
      </class> <!-- com.crm.VTiger.TestCases.OrganisationTest -->
    </test> <!-- Test -->
  </suite> <!-- Suite -->
</testng-results>
