<?xml version="1.0" encoding="UTF-8"?>
<testng-results ignored="0" total="3" passed="3" failed="0" skipped="0">
  <reporter-output>
  </reporter-output>
  <suite started-at="2022-09-16T16:19:39 IST" name="Default suite" finished-at="2022-09-16T16:21:00 IST" duration-ms="80713">
    <groups>
    </groups>
    <test started-at="2022-09-16T16:19:39 IST" name="Default test" finished-at="2022-09-16T16:21:00 IST" duration-ms="80713">
      <class name="practice.MMT_DataProvider">
        <test-method signature="data(java.lang.String,java.lang.String)[pri:0, instance:practice.MMT_DataProvider@434a63ab]" started-at="2022-09-16T16:19:39 IST" name="data" data-provider="dataprovider" finished-at="2022-09-16T16:20:07 IST" duration-ms="27402" status="PASS">
          <params>
            <param index="0">
              <value>
                <![CDATA[BLR]]>
              </value>
            </param>
            <param index="1">
              <value>
                <![CDATA[BOM]]>
              </value>
            </param>
          </params>
          <reporter-output>
          </reporter-output>
        </test-method> <!-- data -->
        <test-method signature="data(java.lang.String,java.lang.String)[pri:0, instance:practice.MMT_DataProvider@434a63ab]" started-at="2022-09-16T16:20:07 IST" name="data" data-provider="dataprovider" finished-at="2022-09-16T16:20:34 IST" duration-ms="26892" status="PASS">
          <params>
            <param index="0">
              <value>
                <![CDATA[MAA]]>
              </value>
            </param>
            <param index="1">
              <value>
                <![CDATA[GOI]]>
              </value>
            </param>
          </params>
          <reporter-output>
          </reporter-output>
        </test-method> <!-- data -->
        <test-method signature="data(java.lang.String,java.lang.String)[pri:0, instance:practice.MMT_DataProvider@434a63ab]" started-at="2022-09-16T16:20:34 IST" name="data" data-provider="dataprovider" finished-at="2022-09-16T16:21:00 IST" duration-ms="26381" status="PASS">
          <params>
            <param index="0">
              <value>
                <![CDATA[HYD]]>
              </value>
            </param>
            <param index="1">
              <value>
                <![CDATA[BOM]]>
              </value>
            </param>
          </params>
          <reporter-output>
          </reporter-output>
        </test-method> <!-- data -->
      </class> <!-- practice.MMT_DataProvider -->
    </test> <!-- Default test -->
  </suite> <!-- Default suite -->
</testng-results>
