<?xml version="1.0" encoding="UTF-8"?>
<testng-results ignored="0" total="1" passed="1" failed="0" skipped="0">
  <reporter-output>
  </reporter-output>
  <suite started-at="2022-08-23T12:02:37Z" name="Default suite" finished-at="2022-08-23T12:03:26Z" duration-ms="48762">
    <groups>
    </groups>
    <test started-at="2022-08-23T12:02:37Z" name="Default test" finished-at="2022-08-23T12:03:26Z" duration-ms="48762">
      <class name="com.crm.VTiger.TestCases.CreateOrganisationTest">
        <test-method signature="createOrg()[pri:0, instance:com.crm.VTiger.TestCases.CreateOrganisationTest@78e4deb0]" started-at="2022-08-23T12:02:37Z" name="createOrg" finished-at="2022-08-23T12:03:26Z" duration-ms="48684" status="PASS">
          <reporter-output>
          </reporter-output>
        </test-method> <!-- createOrg -->
      </class> <!-- com.crm.VTiger.TestCases.CreateOrganisationTest -->
    </test> <!-- Default test -->
  </suite> <!-- Default suite -->
</testng-results>
