<?xml version="1.0" encoding="UTF-8"?>
<testng-results ignored="0" total="1" passed="1" failed="0" skipped="0">
  <reporter-output>
  </reporter-output>
  <suite started-at="2022-09-07T13:03:17 IST" name="Default suite" finished-at="2022-09-07T13:03:17 IST" duration-ms="215">
    <groups>
    </groups>
    <test started-at="2022-09-07T13:03:17 IST" name="Default test" finished-at="2022-09-07T13:03:17 IST" duration-ms="215">
      <class name="com.crm.Vtiger.GenericUtils.JavaUtility">
        <test-method signature="datee()[pri:0, instance:com.crm.Vtiger.GenericUtils.JavaUtility@4f2b503c]" started-at="2022-09-07T13:03:17 IST" name="datee" finished-at="2022-09-07T13:03:17 IST" duration-ms="77" status="PASS">
          <reporter-output>
          </reporter-output>
        </test-method> <!-- datee -->
      </class> <!-- com.crm.Vtiger.GenericUtils.JavaUtility -->
    </test> <!-- Default test -->
  </suite> <!-- Default suite -->
</testng-results>
